Determining if the pthread_create exist failed with the following output:
Change Dir: /home/olivas/gmapping_thing/build/CMakeFiles/CMakeTmp

Run Build Command:"/usr/bin/make" "cmTC_6e77e/fast"
/usr/bin/make -f CMakeFiles/cmTC_6e77e.dir/build.make CMakeFiles/cmTC_6e77e.dir/build
make[1]: Entering directory '/home/olivas/gmapping_thing/build/CMakeFiles/CMakeTmp'
Building C object CMakeFiles/cmTC_6e77e.dir/CheckSymbolExists.c.o
/usr/bin/cc    -o CMakeFiles/cmTC_6e77e.dir/CheckSymbolExists.c.o   -c /home/olivas/gmapping_thing/build/CMakeFiles/CMakeTmp/CheckSymbolExists.c
Linking C executable cmTC_6e77e
/usr/bin/cmake -E cmake_link_script CMakeFiles/cmTC_6e77e.dir/link.txt --verbose=1
/usr/bin/cc      -rdynamic CMakeFiles/cmTC_6e77e.dir/CheckSymbolExists.c.o  -o cmTC_6e77e 
CMakeFiles/cmTC_6e77e.dir/CheckSymbolExists.c.o: In function `main':
CheckSymbolExists.c:(.text+0x1b): undefined reference to `pthread_create'
collect2: error: ld returned 1 exit status
CMakeFiles/cmTC_6e77e.dir/build.make:97: recipe for target 'cmTC_6e77e' failed
make[1]: *** [cmTC_6e77e] Error 1
make[1]: Leaving directory '/home/olivas/gmapping_thing/build/CMakeFiles/CMakeTmp'
Makefile:126: recipe for target 'cmTC_6e77e/fast' failed
make: *** [cmTC_6e77e/fast] Error 2

File /home/olivas/gmapping_thing/build/CMakeFiles/CMakeTmp/CheckSymbolExists.c:
/* */
#include <pthread.h>

int main(int argc, char** argv)
{
  (void)argv;
#ifndef pthread_create
  return ((int*)(&pthread_create))[argc];
#else
  (void)argc;
  return 0;
#endif
}

Determining if the function pthread_create exists in the pthreads failed with the following output:
Change Dir: /home/olivas/gmapping_thing/build/CMakeFiles/CMakeTmp

Run Build Command:"/usr/bin/make" "cmTC_653bb/fast"
/usr/bin/make -f CMakeFiles/cmTC_653bb.dir/build.make CMakeFiles/cmTC_653bb.dir/build
make[1]: Entering directory '/home/olivas/gmapping_thing/build/CMakeFiles/CMakeTmp'
Building C object CMakeFiles/cmTC_653bb.dir/CheckFunctionExists.c.o
/usr/bin/cc   -DCHECK_FUNCTION_EXISTS=pthread_create   -o CMakeFiles/cmTC_653bb.dir/CheckFunctionExists.c.o   -c /usr/share/cmake-3.10/Modules/CheckFunctionExists.c
Linking C executable cmTC_653bb
/usr/bin/cmake -E cmake_link_script CMakeFiles/cmTC_653bb.dir/link.txt --verbose=1
/usr/bin/cc  -DCHECK_FUNCTION_EXISTS=pthread_create    -rdynamic CMakeFiles/cmTC_653bb.dir/CheckFunctionExists.c.o  -o cmTC_653bb -lpthreads 
/usr/bin/ld: cannot find -lpthreads
collect2: error: ld returned 1 exit status
CMakeFiles/cmTC_653bb.dir/build.make:97: recipe for target 'cmTC_653bb' failed
make[1]: *** [cmTC_653bb] Error 1
make[1]: Leaving directory '/home/olivas/gmapping_thing/build/CMakeFiles/CMakeTmp'
Makefile:126: recipe for target 'cmTC_653bb/fast' failed
make: *** [cmTC_653bb/fast] Error 2


